

Started GET "/" for 127.0.0.1 at 2014-05-10 11:35:03 -0400
Processing by Rails::WelcomeController#index as HTML
  Rendered /Users/Cristian/.rvm/gems/ruby-2.1.1/gems/railties-4.1.0/lib/rails/templates/rails/welcome/index.html.erb (10.9ms)
Completed 200 OK in 66ms (Views: 41.7ms | ActiveRecord: 0.0ms)
  [1m[36m (393.4ms)[0m  [1mCREATE TABLE "schema_migrations" ("version" varchar(255) NOT NULL) [0m
  [1m[35m (0.3ms)[0m  select sqlite_version(*)
  [1m[36m (420.8ms)[0m  [1mCREATE UNIQUE INDEX "unique_schema_migrations" ON "schema_migrations" ("version")[0m
  [1m[35mActiveRecord::SchemaMigration Load (0.4ms)[0m  SELECT "schema_migrations".* FROM "schema_migrations"
Migrating to CreatePlayers (20140510154711)
  [1m[36m (0.1ms)[0m  [1mbegin transaction[0m
  [1m[35m (0.5ms)[0m  CREATE TABLE "players" ("id" INTEGER PRIMARY KEY AUTOINCREMENT NOT NULL, "first_name" varchar(255), "last_name" varchar(255), "fb_token" varchar(255), "created_at" datetime, "updated_at" datetime) 
  [1m[36mSQL (0.3ms)[0m  [1mINSERT INTO "schema_migrations" ("version") VALUES (?)[0m  [["version", "20140510154711"]]
  [1m[35m (410.4ms)[0m  commit transaction
Migrating to CreateFriends (20140510155259)
  [1m[36m (0.2ms)[0m  [1mbegin transaction[0m
  [1m[35m (0.6ms)[0m  CREATE TABLE "friends" ("id" INTEGER PRIMARY KEY AUTOINCREMENT NOT NULL, "player1_id" integer, "player2_id" integer, "created_at" datetime, "updated_at" datetime) 
  [1m[36mSQL (0.5ms)[0m  [1mINSERT INTO "schema_migrations" ("version") VALUES (?)[0m  [["version", "20140510155259"]]
  [1m[35m (371.2ms)[0m  commit transaction
  [1m[36mActiveRecord::SchemaMigration Load (0.1ms)[0m  [1mSELECT "schema_migrations".* FROM "schema_migrations"[0m
  [1m[36m (0.3ms)[0m  [1mbegin transaction[0m
  [1m[35mSQL (0.5ms)[0m  INSERT INTO "players" ("created_at", "first_name", "last_name", "updated_at") VALUES (?, ?, ?, ?)  [["created_at", "2014-05-10 16:06:27.610075"], ["first_name", "rodrigo"], ["last_name", "naranjo"], ["updated_at", "2014-05-10 16:06:27.610075"]]
  [1m[36m (360.9ms)[0m  [1mcommit transaction[0m
  [1m[35m (0.2ms)[0m  begin transaction
  [1m[36mSQL (0.3ms)[0m  [1mINSERT INTO "players" ("created_at", "first_name", "last_name", "updated_at") VALUES (?, ?, ?, ?)[0m  [["created_at", "2014-05-10 16:06:57.466682"], ["first_name", "rodrigo2"], ["last_name", "naranjo2"], ["updated_at", "2014-05-10 16:06:57.466682"]]
  [1m[35m (442.9ms)[0m  commit transaction
  [1m[36m (0.2ms)[0m  [1mbegin transaction[0m
  [1m[35mSQL (0.6ms)[0m  INSERT INTO "friends" ("created_at", "player1_id", "player2_id", "updated_at") VALUES (?, ?, ?, ?)  [["created_at", "2014-05-10 16:07:53.261403"], ["player1_id", 1], ["player2_id", 2], ["updated_at", "2014-05-10 16:07:53.261403"]]
  [1m[36m (492.3ms)[0m  [1mcommit transaction[0m
  [1m[35mPlayer Load (0.5ms)[0m  SELECT  "players".* FROM "players"  WHERE "players"."id" = ? LIMIT 1  [["id", 1]]
  [1m[36mFriend Load (0.4ms)[0m  [1mSELECT "friends".* FROM "friends"  WHERE "friends"."player_id" = ?[0m  [[nil, 1]]
SQLite3::SQLException: no such column: friends.player_id: SELECT "friends".* FROM "friends"  WHERE "friends"."player_id" = ?
  [1m[35mPlayer Load (0.3ms)[0m  SELECT  "players".* FROM "players"  WHERE "players"."id" = ? LIMIT 1  [["id", 1]]
  [1m[36mFriend Load (0.6ms)[0m  [1mSELECT "friends".* FROM "friends"  WHERE "friends"."player_id" = ?[0m  [[nil, 1]]
SQLite3::SQLException: no such column: friends.player_id: SELECT "friends".* FROM "friends"  WHERE "friends"."player_id" = ?
  [1m[36m (321.2ms)[0m  [1mCREATE TABLE "friends" ("id" INTEGER PRIMARY KEY AUTOINCREMENT NOT NULL, "player1_id" integer, "player2_id" integer, "created_at" datetime, "updated_at" datetime) [0m
  [1m[35m (341.3ms)[0m  CREATE TABLE "players" ("id" INTEGER PRIMARY KEY AUTOINCREMENT NOT NULL, "first_name" varchar(255), "last_name" varchar(255), "fb_token" varchar(255), "created_at" datetime, "updated_at" datetime) 
  [1m[36m (335.9ms)[0m  [1mCREATE TABLE "schema_migrations" ("version" varchar(255) NOT NULL) [0m
  [1m[35m (0.2ms)[0m  select sqlite_version(*)
  [1m[36m (329.5ms)[0m  [1mCREATE UNIQUE INDEX "unique_schema_migrations" ON "schema_migrations" ("version")[0m
  [1m[35m (0.2ms)[0m  SELECT version FROM "schema_migrations"
  [1m[36m (287.9ms)[0m  [1mINSERT INTO "schema_migrations" (version) VALUES ('20140510155259')[0m
  [1m[35m (369.7ms)[0m  INSERT INTO "schema_migrations" (version) VALUES ('20140510154711')
  [1m[36mActiveRecord::SchemaMigration Load (0.3ms)[0m  [1mSELECT "schema_migrations".* FROM "schema_migrations"[0m
  [1m[36mActiveRecord::SchemaMigration Load (0.1ms)[0m  [1mSELECT "schema_migrations".* FROM "schema_migrations"[0m
  [1m[35mActiveRecord::SchemaMigration Load (0.1ms)[0m  SELECT "schema_migrations".* FROM "schema_migrations"
  [1m[36m (297.7ms)[0m  [1mCREATE TABLE "schema_migrations" ("version" varchar(255) NOT NULL) [0m
  [1m[35m (0.3ms)[0m  select sqlite_version(*)
  [1m[36m (443.1ms)[0m  [1mCREATE UNIQUE INDEX "unique_schema_migrations" ON "schema_migrations" ("version")[0m
  [1m[35mActiveRecord::SchemaMigration Load (0.3ms)[0m  SELECT "schema_migrations".* FROM "schema_migrations"
Migrating to CreatePlayers (20140510154711)
  [1m[36m (0.1ms)[0m  [1mbegin transaction[0m
  [1m[35m (0.4ms)[0m  CREATE TABLE "players" ("id" INTEGER PRIMARY KEY AUTOINCREMENT NOT NULL, "first_name" varchar(255), "last_name" varchar(255), "fb_token" varchar(255), "created_at" datetime, "updated_at" datetime) 
  [1m[36mSQL (0.3ms)[0m  [1mINSERT INTO "schema_migrations" ("version") VALUES (?)[0m  [["version", "20140510154711"]]
  [1m[35m (341.9ms)[0m  commit transaction
Migrating to CreateFriends (20140510155259)
  [1m[36m (0.2ms)[0m  [1mbegin transaction[0m
  [1m[35m (0.6ms)[0m  CREATE TABLE "friends" ("id" INTEGER PRIMARY KEY AUTOINCREMENT NOT NULL, "player_id" integer, "created_at" datetime, "updated_at" datetime) 
  [1m[36mSQL (0.5ms)[0m  [1mINSERT INTO "schema_migrations" ("version") VALUES (?)[0m  [["version", "20140510155259"]]
  [1m[35m (383.2ms)[0m  commit transaction
  [1m[36mActiveRecord::SchemaMigration Load (0.1ms)[0m  [1mSELECT "schema_migrations".* FROM "schema_migrations"[0m
  [1m[36m (0.3ms)[0m  [1mbegin transaction[0m
  [1m[35mSQL (0.9ms)[0m  INSERT INTO "players" ("created_at", "first_name", "last_name", "updated_at") VALUES (?, ?, ?, ?)  [["created_at", "2014-05-10 16:15:37.603847"], ["first_name", "holi"], ["last_name", "chai"], ["updated_at", "2014-05-10 16:15:37.603847"]]
  [1m[36m (491.5ms)[0m  [1mcommit transaction[0m
  [1m[35m (0.1ms)[0m  begin transaction
  [1m[36mSQL (0.3ms)[0m  [1mINSERT INTO "players" ("created_at", "first_name", "last_name", "updated_at") VALUES (?, ?, ?, ?)[0m  [["created_at", "2014-05-10 16:15:48.514271"], ["first_name", "holi2"], ["last_name", "chai2"], ["updated_at", "2014-05-10 16:15:48.514271"]]
  [1m[35m (472.9ms)[0m  commit transaction
  [1m[36m (354.1ms)[0m  [1mCREATE TABLE "schema_migrations" ("version" varchar(255) NOT NULL) [0m
  [1m[35m (0.2ms)[0m  select sqlite_version(*)
  [1m[36m (310.3ms)[0m  [1mCREATE UNIQUE INDEX "unique_schema_migrations" ON "schema_migrations" ("version")[0m
  [1m[35mActiveRecord::SchemaMigration Load (0.3ms)[0m  SELECT "schema_migrations".* FROM "schema_migrations"
Migrating to CreatePlayers (20140510154711)
  [1m[36m (0.2ms)[0m  [1mbegin transaction[0m
  [1m[35m (0.8ms)[0m  CREATE TABLE "players" ("id" INTEGER PRIMARY KEY AUTOINCREMENT NOT NULL, "first_name" varchar(255), "last_name" varchar(255), "fb_token" varchar(255), "created_at" datetime, "updated_at" datetime) 
  [1m[36mSQL (0.3ms)[0m  [1mINSERT INTO "schema_migrations" ("version") VALUES (?)[0m  [["version", "20140510154711"]]
  [1m[35m (347.9ms)[0m  commit transaction
Migrating to CreateFriends (20140510155259)
  [1m[36m (0.2ms)[0m  [1mbegin transaction[0m
  [1m[35m (0.7ms)[0m  CREATE TABLE "friends" ("id" INTEGER PRIMARY KEY AUTOINCREMENT NOT NULL, "player1_id" integer, "player2_id" integer, "created_at" datetime, "updated_at" datetime) 
  [1m[36mSQL (0.6ms)[0m  [1mINSERT INTO "schema_migrations" ("version") VALUES (?)[0m  [["version", "20140510155259"]]
  [1m[35m (349.1ms)[0m  commit transaction
  [1m[36mActiveRecord::SchemaMigration Load (0.1ms)[0m  [1mSELECT "schema_migrations".* FROM "schema_migrations"[0m
  [1m[36m (0.3ms)[0m  [1mbegin transaction[0m
  [1m[35mSQL (0.8ms)[0m  INSERT INTO "players" ("created_at", "first_name", "last_name", "updated_at") VALUES (?, ?, ?, ?)  [["created_at", "2014-05-10 16:18:05.748961"], ["first_name", "holi"], ["last_name", "chai"], ["updated_at", "2014-05-10 16:18:05.748961"]]
  [1m[36m (367.3ms)[0m  [1mcommit transaction[0m
  [1m[35m (0.2ms)[0m  begin transaction
  [1m[36mSQL (0.4ms)[0m  [1mINSERT INTO "players" ("created_at", "first_name", "last_name", "updated_at") VALUES (?, ?, ?, ?)[0m  [["created_at", "2014-05-10 16:18:13.212400"], ["first_name", "holi2"], ["last_name", "chai2"], ["updated_at", "2014-05-10 16:18:13.212400"]]
  [1m[35m (888.0ms)[0m  commit transaction
  [1m[36m (0.2ms)[0m  [1mbegin transaction[0m
  [1m[35mSQL (0.6ms)[0m  INSERT INTO "friends" ("created_at", "player1_id", "player2_id", "updated_at") VALUES (?, ?, ?, ?)  [["created_at", "2014-05-10 16:18:35.524288"], ["player1_id", 1], ["player2_id", 2], ["updated_at", "2014-05-10 16:18:35.524288"]]
  [1m[36m (427.5ms)[0m  [1mcommit transaction[0m
  [1m[35m (0.2ms)[0m  begin transaction
  [1m[36mSQL (0.4ms)[0m  [1mINSERT INTO "friends" ("created_at", "player1_id", "player2_id", "updated_at") VALUES (?, ?, ?, ?)[0m  [["created_at", "2014-05-10 16:18:42.148639"], ["player1_id", 2], ["player2_id", 1], ["updated_at", "2014-05-10 16:18:42.148639"]]
  [1m[35m (341.6ms)[0m  commit transaction
  [1m[36mPlayer Load (0.5ms)[0m  [1mSELECT  "players".* FROM "players"  WHERE "players"."id" = ? LIMIT 1[0m  [["id", 1]]
  [1m[35mFriend Load (0.4ms)[0m  SELECT "friends".* FROM "friends"  WHERE "friends"."player_id" = ?  [[nil, 1]]
SQLite3::SQLException: no such column: friends.player_id: SELECT "friends".* FROM "friends"  WHERE "friends"."player_id" = ?
  [1m[36mFriend Load (0.6ms)[0m  [1mSELECT "friends".* FROM "friends"  WHERE "friends"."player_id" = ?[0m  [[nil, 1]]
SQLite3::SQLException: no such column: friends.player_id: SELECT "friends".* FROM "friends"  WHERE "friends"."player_id" = ?
  [1m[36m (443.1ms)[0m  [1mCREATE TABLE "schema_migrations" ("version" varchar(255) NOT NULL) [0m
  [1m[35m (0.2ms)[0m  select sqlite_version(*)
  [1m[36m (341.3ms)[0m  [1mCREATE UNIQUE INDEX "unique_schema_migrations" ON "schema_migrations" ("version")[0m
  [1m[35mActiveRecord::SchemaMigration Load (0.4ms)[0m  SELECT "schema_migrations".* FROM "schema_migrations"
Migrating to CreatePlayers (20140510154711)
  [1m[36m (0.1ms)[0m  [1mbegin transaction[0m
  [1m[35m (0.4ms)[0m  CREATE TABLE "players" ("id" INTEGER PRIMARY KEY AUTOINCREMENT NOT NULL, "first_name" varchar(255), "last_name" varchar(255), "fb_token" varchar(255), "created_at" datetime, "updated_at" datetime) 
  [1m[36mSQL (0.3ms)[0m  [1mINSERT INTO "schema_migrations" ("version") VALUES (?)[0m  [["version", "20140510154711"]]
  [1m[35m (308.8ms)[0m  commit transaction
Migrating to CreateFriends (20140510155259)
  [1m[36m (0.2ms)[0m  [1mbegin transaction[0m
  [1m[35m (0.7ms)[0m  CREATE TABLE "friends" ("id" INTEGER PRIMARY KEY AUTOINCREMENT NOT NULL, "player1_id" integer, "player2_id" integer, "created_at" datetime, "updated_at" datetime) 
  [1m[36mSQL (0.6ms)[0m  [1mINSERT INTO "schema_migrations" ("version") VALUES (?)[0m  [["version", "20140510155259"]]
  [1m[35m (373.4ms)[0m  commit transaction
  [1m[36mActiveRecord::SchemaMigration Load (0.1ms)[0m  [1mSELECT "schema_migrations".* FROM "schema_migrations"[0m
  [1m[36m (0.3ms)[0m  [1mbegin transaction[0m
  [1m[35mSQL (0.5ms)[0m  INSERT INTO "players" ("created_at", "first_name", "last_name", "updated_at") VALUES (?, ?, ?, ?)  [["created_at", "2014-05-10 16:24:36.450548"], ["first_name", "asd"], ["last_name", "asd2"], ["updated_at", "2014-05-10 16:24:36.450548"]]
  [1m[36m (435.4ms)[0m  [1mcommit transaction[0m
  [1m[35m (0.2ms)[0m  begin transaction
  [1m[36mSQL (0.4ms)[0m  [1mINSERT INTO "players" ("created_at", "first_name", "last_name", "updated_at") VALUES (?, ?, ?, ?)[0m  [["created_at", "2014-05-10 16:24:54.310447"], ["first_name", "asd3"], ["last_name", "asd4"], ["updated_at", "2014-05-10 16:24:54.310447"]]
  [1m[35m (350.1ms)[0m  commit transaction
  [1m[36mPlayer Load (0.6ms)[0m  [1mSELECT  "players".* FROM "players"  WHERE "players"."id" = ? LIMIT 1[0m  [["id", 1]]
  [1m[35mPlayer Load (0.3ms)[0m  SELECT  "players".* FROM "players"  WHERE "players"."id" = ? LIMIT 1  [["id", 2]]
  [1m[36m (0.3ms)[0m  [1mbegin transaction[0m
  [1m[35mSQL (0.6ms)[0m  INSERT INTO "friends" ("created_at", "player1_id", "player2_id", "updated_at") VALUES (?, ?, ?, ?)  [["created_at", "2014-05-10 16:25:43.968888"], ["player1_id", 1], ["player2_id", 2], ["updated_at", "2014-05-10 16:25:43.968888"]]
  [1m[36m (471.8ms)[0m  [1mcommit transaction[0m
  [1m[35mFriend Load (0.5ms)[0m  SELECT  "friends".* FROM "friends"  WHERE "friends"."id" = ? LIMIT 1  [["id", 1]]
  [1m[36mPlayer Load (0.2ms)[0m  [1mSELECT  "players".* FROM "players"  WHERE "players"."id" = ? LIMIT 1[0m  [["id", 1]]
  [1m[35mFriend Load (0.4ms)[0m  SELECT "friends".* FROM "friends"  WHERE "friends"."player_id" = ?  [[nil, 1]]
SQLite3::SQLException: no such column: friends.player_id: SELECT "friends".* FROM "friends"  WHERE "friends"."player_id" = ?
  [1m[36mActiveRecord::SchemaMigration Load (0.2ms)[0m  [1mSELECT "schema_migrations".* FROM "schema_migrations"[0m
  [1m[35mActiveRecord::SchemaMigration Load (0.1ms)[0m  SELECT "schema_migrations".* FROM "schema_migrations"
  [1m[36m (289.5ms)[0m  [1mCREATE TABLE "friends" ("id" INTEGER PRIMARY KEY AUTOINCREMENT NOT NULL, "player1_id" integer, "player2_id" integer, "created_at" datetime, "updated_at" datetime) [0m
  [1m[35m (342.0ms)[0m  CREATE TABLE "players" ("id" INTEGER PRIMARY KEY AUTOINCREMENT NOT NULL, "first_name" varchar(255), "last_name" varchar(255), "fb_token" varchar(255), "created_at" datetime, "updated_at" datetime) 
  [1m[36m (376.1ms)[0m  [1mCREATE TABLE "schema_migrations" ("version" varchar(255) NOT NULL) [0m
  [1m[35m (0.2ms)[0m  select sqlite_version(*)
  [1m[36m (332.7ms)[0m  [1mCREATE UNIQUE INDEX "unique_schema_migrations" ON "schema_migrations" ("version")[0m
  [1m[35m (0.2ms)[0m  SELECT version FROM "schema_migrations"
  [1m[36m (276.7ms)[0m  [1mINSERT INTO "schema_migrations" (version) VALUES ('20140510155259')[0m
  [1m[35m (468.7ms)[0m  INSERT INTO "schema_migrations" (version) VALUES ('20140510154711')
  [1m[36mActiveRecord::SchemaMigration Load (0.3ms)[0m  [1mSELECT "schema_migrations".* FROM "schema_migrations"[0m
  [1m[35m (0.2ms)[0m  begin transaction
  [1m[36mSQL (0.4ms)[0m  [1mINSERT INTO "players" ("created_at", "first_name", "last_name", "updated_at") VALUES (?, ?, ?, ?)[0m  [["created_at", "2014-05-10 16:40:29.524050"], ["first_name", "rodrigo"], ["last_name", "naranjo"], ["updated_at", "2014-05-10 16:40:29.524050"]]
  [1m[35m (226.5ms)[0m  commit transaction
  [1m[36m (0.2ms)[0m  [1mbegin transaction[0m
  [1m[35mSQL (0.4ms)[0m  INSERT INTO "players" ("created_at", "first_name", "last_name", "updated_at") VALUES (?, ?, ?, ?)  [["created_at", "2014-05-10 16:40:29.757532"], ["first_name", "rodrigo2"], ["last_name", "naranjo2"], ["updated_at", "2014-05-10 16:40:29.757532"]]
  [1m[36m (270.8ms)[0m  [1mcommit transaction[0m
  [1m[36m (302.9ms)[0m  [1mCREATE TABLE "schema_migrations" ("version" varchar(255) NOT NULL) [0m
  [1m[35m (0.2ms)[0m  select sqlite_version(*)
  [1m[36m (327.2ms)[0m  [1mCREATE UNIQUE INDEX "unique_schema_migrations" ON "schema_migrations" ("version")[0m
  [1m[35mActiveRecord::SchemaMigration Load (0.3ms)[0m  SELECT "schema_migrations".* FROM "schema_migrations"
Migrating to CreatePlayers (20140510154711)
  [1m[36m (0.1ms)[0m  [1mbegin transaction[0m
  [1m[35m (0.5ms)[0m  CREATE TABLE "players" ("id" INTEGER PRIMARY KEY AUTOINCREMENT NOT NULL, "first_name" varchar(255), "last_name" varchar(255), "fb_token" varchar(255), "created_at" datetime, "updated_at" datetime) 
  [1m[36mSQL (0.3ms)[0m  [1mINSERT INTO "schema_migrations" ("version") VALUES (?)[0m  [["version", "20140510154711"]]
  [1m[35m (312.6ms)[0m  commit transaction
Migrating to CreateFriends (20140510155259)
  [1m[36m (0.1ms)[0m  [1mbegin transaction[0m
  [1m[35m (0.4ms)[0m  CREATE TABLE "friends" ("id" INTEGER PRIMARY KEY AUTOINCREMENT NOT NULL, "player_id" integer, "player2_id_id" integer, "created_at" datetime, "updated_at" datetime) 
  [1m[36mSQL (0.3ms)[0m  [1mINSERT INTO "schema_migrations" ("version") VALUES (?)[0m  [["version", "20140510155259"]]
  [1m[35m (340.7ms)[0m  commit transaction
  [1m[36mActiveRecord::SchemaMigration Load (0.1ms)[0m  [1mSELECT "schema_migrations".* FROM "schema_migrations"[0m
  [1m[36mActiveRecord::SchemaMigration Load (0.1ms)[0m  [1mSELECT "schema_migrations".* FROM "schema_migrations"[0m
  [1m[35m (0.2ms)[0m  begin transaction
  [1m[36mSQL (0.5ms)[0m  [1mINSERT INTO "players" ("created_at", "first_name", "last_name", "updated_at") VALUES (?, ?, ?, ?)[0m  [["created_at", "2014-05-10 16:40:58.752128"], ["first_name", "rodrigo"], ["last_name", "naranjo"], ["updated_at", "2014-05-10 16:40:58.752128"]]
  [1m[35m (286.1ms)[0m  commit transaction
  [1m[36m (0.1ms)[0m  [1mbegin transaction[0m
  [1m[35mSQL (0.3ms)[0m  INSERT INTO "players" ("created_at", "first_name", "last_name", "updated_at") VALUES (?, ?, ?, ?)  [["created_at", "2014-05-10 16:40:59.044073"], ["first_name", "rodrigo2"], ["last_name", "naranjo2"], ["updated_at", "2014-05-10 16:40:59.044073"]]
  [1m[36m (319.1ms)[0m  [1mcommit transaction[0m
  [1m[36mActiveRecord::SchemaMigration Load (0.1ms)[0m  [1mSELECT "schema_migrations".* FROM "schema_migrations"[0m
  [1m[35m (0.2ms)[0m  begin transaction
  [1m[36mSQL (0.5ms)[0m  [1mINSERT INTO "players" ("created_at", "first_name", "last_name", "updated_at") VALUES (?, ?, ?, ?)[0m  [["created_at", "2014-05-10 16:41:47.486806"], ["first_name", "rodrigo"], ["last_name", "naranjo"], ["updated_at", "2014-05-10 16:41:47.486806"]]
  [1m[35m (411.4ms)[0m  commit transaction
  [1m[36m (0.2ms)[0m  [1mbegin transaction[0m
  [1m[35mSQL (0.4ms)[0m  INSERT INTO "players" ("created_at", "first_name", "last_name", "updated_at") VALUES (?, ?, ?, ?)  [["created_at", "2014-05-10 16:41:47.904826"], ["first_name", "rodrigo2"], ["last_name", "naranjo2"], ["updated_at", "2014-05-10 16:41:47.904826"]]
  [1m[36m (506.9ms)[0m  [1mcommit transaction[0m
  [1m[36mPlayer Load (0.3ms)[0m  [1mSELECT  "players".* FROM "players"  WHERE "players"."id" = ? LIMIT 1[0m  [["id", 1]]
  [1m[35mPlayer Load (0.3ms)[0m  SELECT  "players".* FROM "players"  WHERE "players"."id" = ? LIMIT 1  [["id", 2]]
  [1m[36m (339.7ms)[0m  [1mCREATE TABLE "schema_migrations" ("version" varchar(255) NOT NULL) [0m
  [1m[35m (0.3ms)[0m  select sqlite_version(*)
  [1m[36m (320.9ms)[0m  [1mCREATE UNIQUE INDEX "unique_schema_migrations" ON "schema_migrations" ("version")[0m
  [1m[35mActiveRecord::SchemaMigration Load (0.3ms)[0m  SELECT "schema_migrations".* FROM "schema_migrations"
Migrating to CreatePlayers (20140510154711)
  [1m[36m (0.2ms)[0m  [1mbegin transaction[0m
  [1m[35m (0.8ms)[0m  CREATE TABLE "players" ("id" INTEGER PRIMARY KEY AUTOINCREMENT NOT NULL, "first_name" varchar(255), "last_name" varchar(255), "fb_token" varchar(255), "created_at" datetime, "updated_at" datetime) 
  [1m[36mSQL (0.3ms)[0m  [1mINSERT INTO "schema_migrations" ("version") VALUES (?)[0m  [["version", "20140510154711"]]
  [1m[35m (337.9ms)[0m  commit transaction
Migrating to CreateFriends (20140510155259)
  [1m[36m (0.1ms)[0m  [1mbegin transaction[0m
  [1m[35m (0.4ms)[0m  CREATE TABLE "friends" ("id" INTEGER PRIMARY KEY AUTOINCREMENT NOT NULL, "player_id" integer, "player2_id_id" integer, "created_at" datetime, "updated_at" datetime) 
  [1m[36mSQL (0.3ms)[0m  [1mINSERT INTO "schema_migrations" ("version") VALUES (?)[0m  [["version", "20140510155259"]]
  [1m[35m (429.7ms)[0m  commit transaction
  [1m[36mActiveRecord::SchemaMigration Load (0.1ms)[0m  [1mSELECT "schema_migrations".* FROM "schema_migrations"[0m
  [1m[36mActiveRecord::SchemaMigration Load (0.1ms)[0m  [1mSELECT "schema_migrations".* FROM "schema_migrations"[0m
  [1m[35m (0.2ms)[0m  begin transaction
  [1m[36mSQL (0.5ms)[0m  [1mINSERT INTO "players" ("created_at", "first_name", "last_name", "updated_at") VALUES (?, ?, ?, ?)[0m  [["created_at", "2014-05-10 16:44:12.240879"], ["first_name", "rodrigo"], ["last_name", "naranjo"], ["updated_at", "2014-05-10 16:44:12.240879"]]
  [1m[35m (411.3ms)[0m  commit transaction
  [1m[36m (0.2ms)[0m  [1mbegin transaction[0m
  [1m[35mSQL (0.4ms)[0m  INSERT INTO "players" ("created_at", "first_name", "last_name", "updated_at") VALUES (?, ?, ?, ?)  [["created_at", "2014-05-10 16:44:12.658759"], ["first_name", "rodrigo2"], ["last_name", "naranjo2"], ["updated_at", "2014-05-10 16:44:12.658759"]]
  [1m[36m (263.1ms)[0m  [1mcommit transaction[0m
  [1m[36m (398.8ms)[0m  [1mCREATE TABLE "schema_migrations" ("version" varchar(255) NOT NULL) [0m
  [1m[35m (0.2ms)[0m  select sqlite_version(*)
  [1m[36m (348.0ms)[0m  [1mCREATE UNIQUE INDEX "unique_schema_migrations" ON "schema_migrations" ("version")[0m
  [1m[35mActiveRecord::SchemaMigration Load (0.3ms)[0m  SELECT "schema_migrations".* FROM "schema_migrations"
Migrating to CreatePlayers (20140510154711)
  [1m[36m (0.1ms)[0m  [1mbegin transaction[0m
  [1m[35m (0.4ms)[0m  CREATE TABLE "players" ("id" INTEGER PRIMARY KEY AUTOINCREMENT NOT NULL, "first_name" varchar(255), "last_name" varchar(255), "fb_token" varchar(255), "created_at" datetime, "updated_at" datetime) 
  [1m[36mSQL (0.3ms)[0m  [1mINSERT INTO "schema_migrations" ("version") VALUES (?)[0m  [["version", "20140510154711"]]
  [1m[35m (426.1ms)[0m  commit transaction
Migrating to CreateFriends (20140510155259)
  [1m[36m (0.2ms)[0m  [1mbegin transaction[0m
  [1m[35m (0.4ms)[0m  CREATE TABLE "friends" ("id" INTEGER PRIMARY KEY AUTOINCREMENT NOT NULL, "player_id" integer, "player2_id_id" integer, "created_at" datetime, "updated_at" datetime) 
  [1m[36mSQL (0.4ms)[0m  [1mINSERT INTO "schema_migrations" ("version") VALUES (?)[0m  [["version", "20140510155259"]]
  [1m[35m (400.8ms)[0m  commit transaction
  [1m[36mActiveRecord::SchemaMigration Load (0.1ms)[0m  [1mSELECT "schema_migrations".* FROM "schema_migrations"[0m
  [1m[36mActiveRecord::SchemaMigration Load (0.1ms)[0m  [1mSELECT "schema_migrations".* FROM "schema_migrations"[0m
  [1m[35m (0.3ms)[0m  begin transaction
  [1m[36mSQL (0.5ms)[0m  [1mINSERT INTO "players" ("created_at", "first_name", "last_name", "updated_at") VALUES (?, ?, ?, ?)[0m  [["created_at", "2014-05-10 16:45:03.841412"], ["first_name", "rodrigo"], ["last_name", "naranjo"], ["updated_at", "2014-05-10 16:45:03.841412"]]
  [1m[35m (341.1ms)[0m  commit transaction
  [1m[36m (0.1ms)[0m  [1mbegin transaction[0m
  [1m[35mSQL (0.2ms)[0m  INSERT INTO "players" ("created_at", "first_name", "last_name", "updated_at") VALUES (?, ?, ?, ?)  [["created_at", "2014-05-10 16:45:04.188492"], ["first_name", "rodrigo2"], ["last_name", "naranjo2"], ["updated_at", "2014-05-10 16:45:04.188492"]]
  [1m[36m (257.7ms)[0m  [1mcommit transaction[0m
  [1m[36mPlayer Load (0.3ms)[0m  [1mSELECT  "players".* FROM "players"  WHERE "players"."id" = ? LIMIT 1[0m  [["id", 1]]
  [1m[35mFriend Load (0.3ms)[0m  SELECT "friends".* FROM "friends"  WHERE "friends"."player_id" = ?  [["player_id", 1]]
  [1m[36mPlayer Load (0.3ms)[0m  [1mSELECT  "players".* FROM "players"  WHERE "players"."id" = ? LIMIT 1[0m  [["id", 2]]
  [1m[35mFriend Load (0.1ms)[0m  SELECT "friends".* FROM "friends"  WHERE "friends"."player_id" = ?  [["player_id", 2]]
  [1m[36m (398.5ms)[0m  [1mCREATE TABLE "schema_migrations" ("version" varchar(255) NOT NULL) [0m
  [1m[35m (0.2ms)[0m  select sqlite_version(*)
  [1m[36m (366.0ms)[0m  [1mCREATE UNIQUE INDEX "unique_schema_migrations" ON "schema_migrations" ("version")[0m
  [1m[35mActiveRecord::SchemaMigration Load (0.4ms)[0m  SELECT "schema_migrations".* FROM "schema_migrations"
Migrating to CreatePlayers (20140510154711)
  [1m[36m (0.2ms)[0m  [1mbegin transaction[0m
  [1m[35m (0.7ms)[0m  CREATE TABLE "players" ("id" INTEGER PRIMARY KEY AUTOINCREMENT NOT NULL, "first_name" varchar(255), "last_name" varchar(255), "fb_token" varchar(255), "created_at" datetime, "updated_at" datetime) 
  [1m[36mSQL (0.3ms)[0m  [1mINSERT INTO "schema_migrations" ("version") VALUES (?)[0m  [["version", "20140510154711"]]
  [1m[35m (336.3ms)[0m  commit transaction
Migrating to CreateFriends (20140510155259)
  [1m[36m (0.2ms)[0m  [1mbegin transaction[0m
  [1m[35m (0.6ms)[0m  CREATE TABLE "friends" ("id" INTEGER PRIMARY KEY AUTOINCREMENT NOT NULL, "player_id" integer, "player2_id" integer, "created_at" datetime, "updated_at" datetime) 
  [1m[36mSQL (0.6ms)[0m  [1mINSERT INTO "schema_migrations" ("version") VALUES (?)[0m  [["version", "20140510155259"]]
  [1m[35m (349.1ms)[0m  commit transaction
  [1m[36mActiveRecord::SchemaMigration Load (0.1ms)[0m  [1mSELECT "schema_migrations".* FROM "schema_migrations"[0m
  [1m[36mActiveRecord::SchemaMigration Load (0.2ms)[0m  [1mSELECT "schema_migrations".* FROM "schema_migrations"[0m
  [1m[35m (0.2ms)[0m  begin transaction
  [1m[36mSQL (0.5ms)[0m  [1mINSERT INTO "players" ("created_at", "first_name", "last_name", "updated_at") VALUES (?, ?, ?, ?)[0m  [["created_at", "2014-05-10 16:48:15.355825"], ["first_name", "rodrigo"], ["last_name", "naranjo"], ["updated_at", "2014-05-10 16:48:15.355825"]]
  [1m[35m (469.1ms)[0m  commit transaction
  [1m[36m (0.2ms)[0m  [1mbegin transaction[0m
  [1m[35mSQL (0.2ms)[0m  INSERT INTO "players" ("created_at", "first_name", "last_name", "updated_at") VALUES (?, ?, ?, ?)  [["created_at", "2014-05-10 16:48:15.831528"], ["first_name", "rodrigo2"], ["last_name", "naranjo2"], ["updated_at", "2014-05-10 16:48:15.831528"]]
  [1m[36m (366.4ms)[0m  [1mcommit transaction[0m
  [1m[36mPlayer Load (0.4ms)[0m  [1mSELECT  "players".* FROM "players"  WHERE "players"."id" = ? LIMIT 1[0m  [["id", 1]]
  [1m[35mFriend Load (0.5ms)[0m  SELECT "friends".* FROM "friends"  WHERE "friends"."player_id" = ?  [["player_id", 1]]
  [1m[36mPlayer Load (0.3ms)[0m  [1mSELECT  "players".* FROM "players"  WHERE "players"."id" = ? LIMIT 1[0m  [["id", 2]]
  [1m[35mFriend Load (0.2ms)[0m  SELECT "friends".* FROM "friends"  WHERE "friends"."player_id" = ?  [["player_id", 2]]
  [1m[36m (362.3ms)[0m  [1mCREATE TABLE "schema_migrations" ("version" varchar(255) NOT NULL) [0m
  [1m[35m (0.3ms)[0m  select sqlite_version(*)
  [1m[36m (354.0ms)[0m  [1mCREATE UNIQUE INDEX "unique_schema_migrations" ON "schema_migrations" ("version")[0m
  [1m[35mActiveRecord::SchemaMigration Load (0.4ms)[0m  SELECT "schema_migrations".* FROM "schema_migrations"
Migrating to CreatePlayers (20140510154711)
  [1m[36m (0.2ms)[0m  [1mbegin transaction[0m
  [1m[35m (0.8ms)[0m  CREATE TABLE "players" ("id" INTEGER PRIMARY KEY AUTOINCREMENT NOT NULL, "first_name" varchar(255), "last_name" varchar(255), "fb_token" varchar(255), "created_at" datetime, "updated_at" datetime) 
  [1m[36mSQL (0.3ms)[0m  [1mINSERT INTO "schema_migrations" ("version") VALUES (?)[0m  [["version", "20140510154711"]]
  [1m[35m (348.6ms)[0m  commit transaction
Migrating to CreateFriends (20140510155259)
  [1m[36m (0.2ms)[0m  [1mbegin transaction[0m
  [1m[35m (0.7ms)[0m  CREATE TABLE "friends" ("id" INTEGER PRIMARY KEY AUTOINCREMENT NOT NULL, "player1_id" integer, "player2_id" integer, "created_at" datetime, "updated_at" datetime) 
  [1m[36mSQL (0.6ms)[0m  [1mINSERT INTO "schema_migrations" ("version") VALUES (?)[0m  [["version", "20140510155259"]]
  [1m[35m (360.2ms)[0m  commit transaction
  [1m[36mActiveRecord::SchemaMigration Load (0.1ms)[0m  [1mSELECT "schema_migrations".* FROM "schema_migrations"[0m
  [1m[36mActiveRecord::SchemaMigration Load (0.1ms)[0m  [1mSELECT "schema_migrations".* FROM "schema_migrations"[0m
  [1m[35m (0.2ms)[0m  begin transaction
  [1m[36mSQL (0.5ms)[0m  [1mINSERT INTO "players" ("created_at", "first_name", "last_name", "updated_at") VALUES (?, ?, ?, ?)[0m  [["created_at", "2014-05-10 16:59:07.128612"], ["first_name", "rodrigo"], ["last_name", "naranjo"], ["updated_at", "2014-05-10 16:59:07.128612"]]
  [1m[35m (353.7ms)[0m  commit transaction
  [1m[36m (0.1ms)[0m  [1mbegin transaction[0m
  [1m[35mSQL (0.2ms)[0m  INSERT INTO "players" ("created_at", "first_name", "last_name", "updated_at") VALUES (?, ?, ?, ?)  [["created_at", "2014-05-10 16:59:07.488185"], ["first_name", "rodrigo2"], ["last_name", "naranjo2"], ["updated_at", "2014-05-10 16:59:07.488185"]]
  [1m[36m (274.9ms)[0m  [1mcommit transaction[0m
  [1m[35m (0.1ms)[0m  begin transaction
  [1m[36mSQL (0.4ms)[0m  [1mINSERT INTO "players" ("created_at", "first_name", "last_name", "updated_at") VALUES (?, ?, ?, ?)[0m  [["created_at", "2014-05-10 16:59:07.765567"], ["first_name", "rodrigo3"], ["last_name", "naranjo3"], ["updated_at", "2014-05-10 16:59:07.765567"]]
  [1m[35m (274.6ms)[0m  commit transaction
  [1m[36m (0.2ms)[0m  [1mbegin transaction[0m
  [1m[35mSQL (0.4ms)[0m  INSERT INTO "players" ("created_at", "first_name", "last_name", "updated_at") VALUES (?, ?, ?, ?)  [["created_at", "2014-05-10 16:59:08.043850"], ["first_name", "rodrigo4"], ["last_name", "naranjo4"], ["updated_at", "2014-05-10 16:59:08.043850"]]
  [1m[36m (329.7ms)[0m  [1mcommit transaction[0m
  [1m[36m (332.4ms)[0m  [1mCREATE TABLE "schema_migrations" ("version" varchar(255) NOT NULL) [0m
  [1m[35m (0.2ms)[0m  select sqlite_version(*)
  [1m[36m (321.1ms)[0m  [1mCREATE UNIQUE INDEX "unique_schema_migrations" ON "schema_migrations" ("version")[0m
  [1m[35mActiveRecord::SchemaMigration Load (0.2ms)[0m  SELECT "schema_migrations".* FROM "schema_migrations"
Migrating to CreatePlayers (20140510154711)
  [1m[36m (0.1ms)[0m  [1mbegin transaction[0m
  [1m[35m (0.4ms)[0m  CREATE TABLE "players" ("id" INTEGER PRIMARY KEY AUTOINCREMENT NOT NULL, "first_name" varchar(255), "last_name" varchar(255), "fb_token" varchar(255), "created_at" datetime, "updated_at" datetime) 
  [1m[36mSQL (0.3ms)[0m  [1mINSERT INTO "schema_migrations" ("version") VALUES (?)[0m  [["version", "20140510154711"]]
  [1m[35m (366.6ms)[0m  commit transaction
Migrating to CreateFriends (20140510155259)
  [1m[36m (0.1ms)[0m  [1mbegin transaction[0m
  [1m[35m (0.4ms)[0m  CREATE TABLE "friends" ("id" INTEGER PRIMARY KEY AUTOINCREMENT NOT NULL, "player_id" integer, "player2_id" integer, "created_at" datetime, "updated_at" datetime) 
  [1m[36mSQL (0.3ms)[0m  [1mINSERT INTO "schema_migrations" ("version") VALUES (?)[0m  [["version", "20140510155259"]]
  [1m[35m (360.6ms)[0m  commit transaction
  [1m[36mActiveRecord::SchemaMigration Load (0.1ms)[0m  [1mSELECT "schema_migrations".* FROM "schema_migrations"[0m
  [1m[36mActiveRecord::SchemaMigration Load (0.1ms)[0m  [1mSELECT "schema_migrations".* FROM "schema_migrations"[0m
  [1m[35m (0.3ms)[0m  begin transaction
  [1m[36mSQL (0.5ms)[0m  [1mINSERT INTO "players" ("created_at", "first_name", "last_name", "updated_at") VALUES (?, ?, ?, ?)[0m  [["created_at", "2014-05-10 17:01:08.093560"], ["first_name", "rodrigo"], ["last_name", "naranjo"], ["updated_at", "2014-05-10 17:01:08.093560"]]
  [1m[35m (338.4ms)[0m  commit transaction
  [1m[36m (0.2ms)[0m  [1mbegin transaction[0m
  [1m[35mSQL (0.2ms)[0m  INSERT INTO "players" ("created_at", "first_name", "last_name", "updated_at") VALUES (?, ?, ?, ?)  [["created_at", "2014-05-10 17:01:08.438486"], ["first_name", "rodrigo2"], ["last_name", "naranjo2"], ["updated_at", "2014-05-10 17:01:08.438486"]]
  [1m[36m (271.1ms)[0m  [1mcommit transaction[0m
  [1m[35m (0.2ms)[0m  begin transaction
  [1m[36mSQL (0.4ms)[0m  [1mINSERT INTO "players" ("created_at", "first_name", "last_name", "updated_at") VALUES (?, ?, ?, ?)[0m  [["created_at", "2014-05-10 17:01:08.713107"], ["first_name", "rodrigo3"], ["last_name", "naranjo3"], ["updated_at", "2014-05-10 17:01:08.713107"]]
  [1m[35m (274.0ms)[0m  commit transaction
  [1m[36m (0.2ms)[0m  [1mbegin transaction[0m
  [1m[35mSQL (0.4ms)[0m  INSERT INTO "players" ("created_at", "first_name", "last_name", "updated_at") VALUES (?, ?, ?, ?)  [["created_at", "2014-05-10 17:01:08.990803"], ["first_name", "rodrigo4"], ["last_name", "naranjo4"], ["updated_at", "2014-05-10 17:01:08.990803"]]
  [1m[36m (377.6ms)[0m  [1mcommit transaction[0m
  [1m[35m (0.1ms)[0m  begin transaction
  [1m[36mSQL (0.3ms)[0m  [1mINSERT INTO "friends" ("created_at", "player2_id", "player_id", "updated_at") VALUES (?, ?, ?, ?)[0m  [["created_at", "2014-05-10 17:01:09.388006"], ["player2_id", 2], ["player_id", 1], ["updated_at", "2014-05-10 17:01:09.388006"]]
  [1m[35m (277.3ms)[0m  commit transaction
  [1m[36m (0.2ms)[0m  [1mbegin transaction[0m
  [1m[35mSQL (0.4ms)[0m  INSERT INTO "friends" ("created_at", "player2_id", "player_id", "updated_at") VALUES (?, ?, ?, ?)  [["created_at", "2014-05-10 17:01:09.668775"], ["player2_id", 3], ["player_id", 1], ["updated_at", "2014-05-10 17:01:09.668775"]]
  [1m[36m (262.8ms)[0m  [1mcommit transaction[0m
  [1m[35m (0.2ms)[0m  begin transaction
  [1m[36mSQL (0.4ms)[0m  [1mINSERT INTO "friends" ("created_at", "player2_id", "player_id", "updated_at") VALUES (?, ?, ?, ?)[0m  [["created_at", "2014-05-10 17:01:09.935180"], ["player2_id", 4], ["player_id", 1], ["updated_at", "2014-05-10 17:01:09.935180"]]
  [1m[35m (367.4ms)[0m  commit transaction
  [1m[36m (0.1ms)[0m  [1mbegin transaction[0m
  [1m[35mSQL (0.2ms)[0m  INSERT INTO "friends" ("created_at", "player2_id", "player_id", "updated_at") VALUES (?, ?, ?, ?)  [["created_at", "2014-05-10 17:01:10.305825"], ["player2_id", 4], ["player_id", 2], ["updated_at", "2014-05-10 17:01:10.305825"]]
  [1m[36m (271.1ms)[0m  [1mcommit transaction[0m
  [1m[36mFriend Load (0.3ms)[0m  [1mSELECT  "friends".* FROM "friends"  WHERE "friends"."id" = ? LIMIT 1[0m  [["id", 3]]
  [1m[35mPlayer Load (0.2ms)[0m  SELECT  "players".* FROM "players"  WHERE "players"."id" = ? LIMIT 1  [["id", 1]]
  [1m[36mFriend Load (0.3ms)[0m  [1mSELECT "friends".* FROM "friends"  WHERE "friends"."player_id" = ?[0m  [["player_id", 1]]
  [1m[35mPlayer Load (0.3ms)[0m  SELECT  "players".* FROM "players"  WHERE "players"."id" = ? LIMIT 1  [["id", 2]]
  [1m[36mFriend Load (0.3ms)[0m  [1mSELECT "friends".* FROM "friends"  WHERE "friends"."player_id" = ?[0m  [["player_id", 2]]
